<?xml version="1.0" encoding="UTF-8"?>
<testng-results ignored="0" total="6" passed="6" failed="0" skipped="0">
  <reporter-output>
  </reporter-output>
  <suite started-at="2020-03-25T18:41:32 IST" name="Default suite" finished-at="2020-03-25T18:42:57 IST" duration-ms="84153">
    <groups>
    </groups>
    <test started-at="2020-03-25T18:41:32 IST" name="Default test" finished-at="2020-03-25T18:42:57 IST" duration-ms="84153">
      <class name="TestNgClasses.NewTest">
        <test-method signature="AddToCart(java.lang.String, java.lang.String)[pri:0, instance:TestNgClasses.NewTest@15b204a1]" started-at="2020-03-25T18:41:33 IST" name="AddToCart" data-provider="AddToCart" finished-at="2020-03-25T18:41:49 IST" duration-ms="15065" status="PASS">
          <params>
            <param index="0">
              <value>
                <![CDATA[standard_user]]>
              </value>
            </param>
            <param index="1">
              <value>
                <![CDATA[secret_sauce]]>
              </value>
            </param>
          </params>
          <reporter-output>
          </reporter-output>
        </test-method> <!-- AddToCart -->
        <test-method signature="InvalidLogin(java.lang.String, java.lang.String, java.lang.String)[pri:0, instance:TestNgClasses.NewTest@15b204a1]" started-at="2020-03-25T18:41:49 IST" name="InvalidLogin" data-provider="InvalidData" finished-at="2020-03-25T18:41:56 IST" duration-ms="7752" status="PASS">
          <params>
            <param index="0">
              <value>
                <![CDATA[PoojaCM]]>
              </value>
            </param>
            <param index="1">
              <value>
                <![CDATA[secret_sauce]]>
              </value>
            </param>
            <param index="2">
              <value>
                <![CDATA[Epic sadface: Username and password do not match any user in this service]]>
              </value>
            </param>
          </params>
          <reporter-output>
          </reporter-output>
        </test-method> <!-- InvalidLogin -->
        <test-method signature="InvalidLogin(java.lang.String, java.lang.String, java.lang.String)[pri:0, instance:TestNgClasses.NewTest@15b204a1]" started-at="2020-03-25T18:41:56 IST" name="InvalidLogin" data-provider="InvalidData" finished-at="2020-03-25T18:42:05 IST" duration-ms="8857" status="PASS">
          <params>
            <param index="0">
              <value>
                <![CDATA[locked_out_user]]>
              </value>
            </param>
            <param index="1">
              <value>
                <![CDATA[secret_sauce]]>
              </value>
            </param>
            <param index="2">
              <value>
                <![CDATA[Epic sadface: Sorry, this user has been locked out.]]>
              </value>
            </param>
          </params>
          <reporter-output>
          </reporter-output>
        </test-method> <!-- InvalidLogin -->
        <test-method signature="ProductRemoval(java.lang.String, java.lang.String, java.lang.String, java.lang.String, java.lang.String, java.lang.String)[pri:0, instance:TestNgClasses.NewTest@15b204a1]" started-at="2020-03-25T18:42:05 IST" name="ProductRemoval" data-provider="LoginData" finished-at="2020-03-25T18:42:36 IST" duration-ms="30291" status="PASS">
          <params>
            <param index="0">
              <value>
                <![CDATA[standard_user]]>
              </value>
            </param>
            <param index="1">
              <value>
                <![CDATA[secret_sauce]]>
              </value>
            </param>
            <param index="2">
              <value>
                <![CDATA[Pooja]]>
              </value>
            </param>
            <param index="3">
              <value>
                <![CDATA[CM]]>
              </value>
            </param>
            <param index="4">
              <value>
                <![CDATA[56002I]]>
              </value>
            </param>
            <param index="5">
              <value>
                <![CDATA[THANK YOU FOR YOUR ORDER]]>
              </value>
            </param>
          </params>
          <reporter-output>
          </reporter-output>
        </test-method> <!-- ProductRemoval -->
        <test-method signature="validLogin(java.lang.String, java.lang.String, java.lang.String)[pri:0, instance:TestNgClasses.NewTest@15b204a1]" started-at="2020-03-25T18:42:36 IST" name="validLogin" data-provider="validData" finished-at="2020-03-25T18:42:48 IST" duration-ms="11939" status="PASS">
          <params>
            <param index="0">
              <value>
                <![CDATA[standard_user]]>
              </value>
            </param>
            <param index="1">
              <value>
                <![CDATA[secret_sauce]]>
              </value>
            </param>
            <param index="2">
              <value>
                <![CDATA[Products]]>
              </value>
            </param>
          </params>
          <reporter-output>
          </reporter-output>
        </test-method> <!-- validLogin -->
        <test-method signature="validLogin(java.lang.String, java.lang.String, java.lang.String)[pri:0, instance:TestNgClasses.NewTest@15b204a1]" started-at="2020-03-25T18:42:48 IST" name="validLogin" data-provider="validData" finished-at="2020-03-25T18:42:57 IST" duration-ms="9028" status="PASS">
          <params>
            <param index="0">
              <value>
                <![CDATA[problem_user]]>
              </value>
            </param>
            <param index="1">
              <value>
                <![CDATA[secret_sauce]]>
              </value>
            </param>
            <param index="2">
              <value>
                <![CDATA[Products]]>
              </value>
            </param>
          </params>
          <reporter-output>
          </reporter-output>
        </test-method> <!-- validLogin -->
      </class> <!-- TestNgClasses.NewTest -->
    </test> <!-- Default test -->
  </suite> <!-- Default suite -->
</testng-results>
