<?xml version="1.0" encoding="UTF-8"?>
<!-- Generated by org.testng.reporters.JUnitXMLReporter -->
<testsuite ignored="0" hostname="DESKTOP-S7TR9BL" failures="0" tests="6" name="Default test" time="84.153" errors="0" timestamp="2020-03-25T18:42:57 IST">
  <testcase classname="TestNgClasses.NewTest" name="AddToCart" time="15.065"/>
  <testcase classname="TestNgClasses.NewTest" name="InvalidLogin" time="7.752"/>
  <testcase classname="TestNgClasses.NewTest" name="InvalidLogin" time="8.857"/>
  <testcase classname="TestNgClasses.NewTest" name="ProductRemoval" time="30.291"/>
  <testcase classname="TestNgClasses.NewTest" name="validLogin" time="11.939"/>
  <testcase classname="TestNgClasses.NewTest" name="validLogin" time="9.028"/>
</testsuite> <!-- Default test -->
